<?xml version="1.0" encoding="UTF-8"?>
<!-- Generated by org.testng.reporters.JUnitXMLReporter -->
<testsuite ignored="0" hostname="Rudran_Arjun" failures="0" tests="4" name="Default test" time="0.071" errors="0" timestamp="2024-11-24T23:06:14 AEDT">
  <testcase classname="week3Day2.findSubArraywith0Sum" name="Test1" time="0.01"/>
  <testcase classname="week3Day2.findSubArraywith0Sum" name="Test2" time="0.002"/>
  <testcase classname="week3Day2.findSubArraywith0Sum" name="Test3" time="0.002"/>
  <testcase classname="week3Day2.findSubArraywith0Sum" name="Test4" time="0.002"/>
</testsuite> <!-- Default test -->
