<?xml version="1.0" encoding="UTF-8"?>
<!-- Generated by org.testng.reporters.JUnitXMLReporter -->
<testsuite ignored="0" hostname="Rudran_Arjun" failures="0" tests="3" name="Default test" time="0.075" errors="0" timestamp="2024-11-26T19:48:15 AEDT">
  <testcase classname="week3Day2HW.FindMajorityElement" name="Test1" time="0.011"/>
  <testcase classname="week3Day2HW.FindMajorityElement" name="Test2" time="0.002"/>
  <testcase classname="week3Day2HW.FindMajorityElement" name="Test3" time="0.002"/>
</testsuite> <!-- Default test -->
