<?xml version="1.0" encoding="UTF-8"?>
<testng-results ignored="0" total="3" passed="3" failed="0" skipped="0">
  <reporter-output>
  </reporter-output>
  <suite started-at="2024-11-26T19:48:15 AEDT" name="Default suite" finished-at="2024-11-26T19:48:15 AEDT" duration-ms="75">
    <groups>
    </groups>
    <test started-at="2024-11-26T19:48:15 AEDT" name="Default test" finished-at="2024-11-26T19:48:15 AEDT" duration-ms="75">
      <class name="week3Day2HW.FindMajorityElement">
        <test-method signature="Test1()[pri:0, instance:week3Day2HW.FindMajorityElement@7975d1d8]" started-at="2024-11-26T19:48:15 AEDT" name="Test1" finished-at="2024-11-26T19:48:15 AEDT" duration-ms="11" status="PASS">
          <reporter-output>
          </reporter-output>
        </test-method> <!-- Test1 -->
        <test-method signature="Test2()[pri:0, instance:week3Day2HW.FindMajorityElement@7975d1d8]" started-at="2024-11-26T19:48:15 AEDT" name="Test2" finished-at="2024-11-26T19:48:15 AEDT" duration-ms="2" status="PASS">
          <reporter-output>
          </reporter-output>
        </test-method> <!-- Test2 -->
        <test-method signature="Test3()[pri:0, instance:week3Day2HW.FindMajorityElement@7975d1d8]" started-at="2024-11-26T19:48:15 AEDT" name="Test3" finished-at="2024-11-26T19:48:15 AEDT" duration-ms="2" status="PASS">
          <reporter-output>
          </reporter-output>
        </test-method> <!-- Test3 -->
      </class> <!-- week3Day2HW.FindMajorityElement -->
    </test> <!-- Default test -->
  </suite> <!-- Default suite -->
</testng-results>
