<?xml version="1.0" encoding="UTF-8"?>
<testng-results ignored="0" total="1" passed="1" failed="0" skipped="0">
  <reporter-output>
  </reporter-output>
  <suite started-at="2024-12-17T06:26:35 AEDT" name="Default suite" finished-at="2024-12-17T06:26:35 AEDT" duration-ms="36">
    <groups>
    </groups>
    <test started-at="2024-12-17T06:26:35 AEDT" name="Default test" finished-at="2024-12-17T06:26:35 AEDT" duration-ms="36">
      <class name="week6Day2.L2073TimeNeededtoBuyTickets">
        <test-method signature="Test3()[pri:0, instance:week6Day2.L2073TimeNeededtoBuyTickets@7975d1d8]" started-at="2024-12-17T06:26:35 AEDT" name="Test3" finished-at="2024-12-17T06:26:35 AEDT" duration-ms="5" status="PASS">
          <reporter-output>
          </reporter-output>
        </test-method> <!-- Test3 -->
      </class> <!-- week6Day2.L2073TimeNeededtoBuyTickets -->
    </test> <!-- Default test -->
  </suite> <!-- Default suite -->
</testng-results>
